Distance matrix:
 [[ 0.         30.30353308  2.59053368 ... 21.57324665 15.83997317
   7.1633898 ]
 [30.30353308  0.         30.67707741 ...  9.87084404 27.66900785
  23.6894522 ]
 [ 2.59053368 30.67707741  0.         ... 22.43473723 13.67757869
   7.00563059]
 ...
 [21.57324665  9.87084404 22.43473723 ...  0.         23.34259446
  15.79490621]
 [15.83997317 27.66900785 13.67757869 ... 23.34259446  0.
  11.94301952]
 [ 7.1633898  23.6894522   7.00563059 ... 15.79490621 11.94301952
   0.        ]]
Дебажим constraints на матрице индексов:
 [['0,0' '0,1' '0,2' ... '0,57' '0,58' '0,59']
 ['1,0' '1,1' '1,2' ... '1,57' '1,58' '1,59']
 ['2,0' '2,1' '2,2' ... '2,57' '2,58' '2,59']
 ...
 ['57,0' '57,1' '57,2' ... '57,57' '57,58' '57,59']
 ['58,0' '58,1' '58,2' ... '58,57' '58,58' '58,59']
 ['59,0' '59,1' '59,2' ... '59,57' '59,58' '59,59']]
(1) В каждой строке должна быть одна 1:
 [['51,0' '51,1' '51,2' '51,3' '51,4' '51,5' '51,6' '51,7' '51,8' '51,9'
  '51,10' '51,11' '51,12' '51,13' '51,14' '51,15' '51,16' '51,17' '51,18'
  '51,19' '51,20' '51,21' '51,22' '51,23' '51,24' '51,25' '51,26' '51,27'
  '51,28' '51,29' '51,30' '51,31' '51,32' '51,33' '51,34' '51,35' '51,36'
  '51,37' '51,38' '51,39' '51,40' '51,41' '51,42' '51,43' '51,44' '51,45'
  '51,46' '51,47' '51,48' '51,49' '51,50' '51,51' '51,52' '51,53' '51,54'
  '51,55' '51,56' '51,57' '51,58' '51,59']
 ['52,0' '52,1' '52,2' '52,3' '52,4' '52,5' '52,6' '52,7' '52,8' '52,9'
  '52,10' '52,11' '52,12' '52,13' '52,14' '52,15' '52,16' '52,17' '52,18'
  '52,19' '52,20' '52,21' '52,22' '52,23' '52,24' '52,25' '52,26' '52,27'
  '52,28' '52,29' '52,30' '52,31' '52,32' '52,33' '52,34' '52,35' '52,36'
  '52,37' '52,38' '52,39' '52,40' '52,41' '52,42' '52,43' '52,44' '52,45'
  '52,46' '52,47' '52,48' '52,49' '52,50' '52,51' '52,52' '52,53' '52,54'
  '52,55' '52,56' '52,57' '52,58' '52,59']
 ['53,0' '53,1' '53,2' '53,3' '53,4' '53,5' '53,6' '53,7' '53,8' '53,9'
  '53,10' '53,11' '53,12' '53,13' '53,14' '53,15' '53,16' '53,17' '53,18'
  '53,19' '53,20' '53,21' '53,22' '53,23' '53,24' '53,25' '53,26' '53,27'
  '53,28' '53,29' '53,30' '53,31' '53,32' '53,33' '53,34' '53,35' '53,36'
  '53,37' '53,38' '53,39' '53,40' '53,41' '53,42' '53,43' '53,44' '53,45'
  '53,46' '53,47' '53,48' '53,49' '53,50' '53,51' '53,52' '53,53' '53,54'
  '53,55' '53,56' '53,57' '53,58' '53,59']
 ['54,0' '54,1' '54,2' '54,3' '54,4' '54,5' '54,6' '54,7' '54,8' '54,9'
  '54,10' '54,11' '54,12' '54,13' '54,14' '54,15' '54,16' '54,17' '54,18'
  '54,19' '54,20' '54,21' '54,22' '54,23' '54,24' '54,25' '54,26' '54,27'
  '54,28' '54,29' '54,30' '54,31' '54,32' '54,33' '54,34' '54,35' '54,36'
  '54,37' '54,38' '54,39' '54,40' '54,41' '54,42' '54,43' '54,44' '54,45'
  '54,46' '54,47' '54,48' '54,49' '54,50' '54,51' '54,52' '54,53' '54,54'
  '54,55' '54,56' '54,57' '54,58' '54,59']
 ['55,0' '55,1' '55,2' '55,3' '55,4' '55,5' '55,6' '55,7' '55,8' '55,9'
  '55,10' '55,11' '55,12' '55,13' '55,14' '55,15' '55,16' '55,17' '55,18'
  '55,19' '55,20' '55,21' '55,22' '55,23' '55,24' '55,25' '55,26' '55,27'
  '55,28' '55,29' '55,30' '55,31' '55,32' '55,33' '55,34' '55,35' '55,36'
  '55,37' '55,38' '55,39' '55,40' '55,41' '55,42' '55,43' '55,44' '55,45'
  '55,46' '55,47' '55,48' '55,49' '55,50' '55,51' '55,52' '55,53' '55,54'
  '55,55' '55,56' '55,57' '55,58' '55,59']
 ['56,0' '56,1' '56,2' '56,3' '56,4' '56,5' '56,6' '56,7' '56,8' '56,9'
  '56,10' '56,11' '56,12' '56,13' '56,14' '56,15' '56,16' '56,17' '56,18'
  '56,19' '56,20' '56,21' '56,22' '56,23' '56,24' '56,25' '56,26' '56,27'
  '56,28' '56,29' '56,30' '56,31' '56,32' '56,33' '56,34' '56,35' '56,36'
  '56,37' '56,38' '56,39' '56,40' '56,41' '56,42' '56,43' '56,44' '56,45'
  '56,46' '56,47' '56,48' '56,49' '56,50' '56,51' '56,52' '56,53' '56,54'
  '56,55' '56,56' '56,57' '56,58' '56,59']
 ['57,0' '57,1' '57,2' '57,3' '57,4' '57,5' '57,6' '57,7' '57,8' '57,9'
  '57,10' '57,11' '57,12' '57,13' '57,14' '57,15' '57,16' '57,17' '57,18'
  '57,19' '57,20' '57,21' '57,22' '57,23' '57,24' '57,25' '57,26' '57,27'
  '57,28' '57,29' '57,30' '57,31' '57,32' '57,33' '57,34' '57,35' '57,36'
  '57,37' '57,38' '57,39' '57,40' '57,41' '57,42' '57,43' '57,44' '57,45'
  '57,46' '57,47' '57,48' '57,49' '57,50' '57,51' '57,52' '57,53' '57,54'
  '57,55' '57,56' '57,57' '57,58' '57,59']
 ['58,0' '58,1' '58,2' '58,3' '58,4' '58,5' '58,6' '58,7' '58,8' '58,9'
  '58,10' '58,11' '58,12' '58,13' '58,14' '58,15' '58,16' '58,17' '58,18'
  '58,19' '58,20' '58,21' '58,22' '58,23' '58,24' '58,25' '58,26' '58,27'
  '58,28' '58,29' '58,30' '58,31' '58,32' '58,33' '58,34' '58,35' '58,36'
  '58,37' '58,38' '58,39' '58,40' '58,41' '58,42' '58,43' '58,44' '58,45'
  '58,46' '58,47' '58,48' '58,49' '58,50' '58,51' '58,52' '58,53' '58,54'
  '58,55' '58,56' '58,57' '58,58' '58,59']
 ['59,0' '59,1' '59,2' '59,3' '59,4' '59,5' '59,6' '59,7' '59,8' '59,9'
  '59,10' '59,11' '59,12' '59,13' '59,14' '59,15' '59,16' '59,17' '59,18'
  '59,19' '59,20' '59,21' '59,22' '59,23' '59,24' '59,25' '59,26' '59,27'
  '59,28' '59,29' '59,30' '59,31' '59,32' '59,33' '59,34' '59,35' '59,36'
  '59,37' '59,38' '59,39' '59,40' '59,41' '59,42' '59,43' '59,44' '59,45'
  '59,46' '59,47' '59,48' '59,49' '59,50' '59,51' '59,52' '59,53' '59,54'
  '59,55' '59,56' '59,57' '59,58' '59,59']]
(2) Сумма должна быть >= 1:
 ['1,0' '2,0' '3,0' '4,0' '5,0' '6,0' '7,0' '8,0' '9,0' '10,0' '11,0'
 '12,0' '13,0' '14,0' '15,0' '16,0' '17,0' '18,0' '19,0' '20,0' '21,0'
 '22,0' '23,0' '24,0' '25,0' '26,0' '27,0' '28,0' '29,0' '30,0' '31,0'
 '32,0' '33,0' '34,0' '35,0' '36,0' '37,0' '38,0' '39,0' '40,0' '41,0'
 '42,0' '43,0' '44,0' '45,0' '46,0' '47,0' '48,0' '49,0' '50,0']
(3) В каждой строке должна быть одна 1:
 [['1,0' '1,1' '1,2' ... '1,57' '1,58' '1,59']
 ['2,0' '2,1' '2,2' ... '2,57' '2,58' '2,59']
 ['3,0' '3,1' '3,2' ... '3,57' '3,58' '3,59']
 ...
 ['48,0' '48,1' '48,2' ... '48,57' '48,58' '48,59']
 ['49,0' '49,1' '49,2' ... '49,57' '49,58' '49,59']
 ['50,0' '50,1' '50,2' ... '50,57' '50,58' '50,59']]
(3) В каждой строке должна быть одна 1:
 [['0,1' '1,1' '2,1' ... '57,1' '58,1' '59,1']
 ['0,2' '1,2' '2,2' ... '57,2' '58,2' '59,2']
 ['0,3' '1,3' '2,3' ... '57,3' '58,3' '59,3']
 ...
 ['0,48' '1,48' '2,48' ... '57,48' '58,48' '59,48']
 ['0,49' '1,49' '2,49' ... '57,49' '58,49' '59,49']
 ['0,50' '1,50' '2,50' ... '57,50' '58,50' '59,50']]
(4) В каждой ячейке должно быть 0:
 ['0,0' '1,1' '2,2' '3,3' '4,4' '5,5' '6,6' '7,7' '8,8' '9,9' '10,10'
 '11,11' '12,12' '13,13' '14,14' '15,15' '16,16' '17,17' '18,18' '19,19'
 '20,20' '21,21' '22,22' '23,23' '24,24' '25,25' '26,26' '27,27' '28,28'
 '29,29' '30,30' '31,31' '32,32' '33,33' '34,34' '35,35' '36,36' '37,37'
 '38,38' '39,39' '40,40' '41,41' '42,42' '43,43' '44,44' '45,45' '46,46'
 '47,47' '48,48' '49,49' '50,50' '51,51' '52,52' '53,53' '54,54' '55,55'
 '56,56' '57,57' '58,58' '59,59']
(6) В каждой ячейке должно быть 0:
 [['0,51' '0,52' '0,53' '0,54' '0,55' '0,56' '0,57' '0,58' '0,59']
 ['1,51' '1,52' '1,53' '1,54' '1,55' '1,56' '1,57' '1,58' '1,59']
 ['2,51' '2,52' '2,53' '2,54' '2,55' '2,56' '2,57' '2,58' '2,59']
 ['3,51' '3,52' '3,53' '3,54' '3,55' '3,56' '3,57' '3,58' '3,59']
 ['4,51' '4,52' '4,53' '4,54' '4,55' '4,56' '4,57' '4,58' '4,59']
 ['5,51' '5,52' '5,53' '5,54' '5,55' '5,56' '5,57' '5,58' '5,59']
 ['6,51' '6,52' '6,53' '6,54' '6,55' '6,56' '6,57' '6,58' '6,59']
 ['7,51' '7,52' '7,53' '7,54' '7,55' '7,56' '7,57' '7,58' '7,59']
 ['8,51' '8,52' '8,53' '8,54' '8,55' '8,56' '8,57' '8,58' '8,59']
 ['9,51' '9,52' '9,53' '9,54' '9,55' '9,56' '9,57' '9,58' '9,59']
 ['10,51' '10,52' '10,53' '10,54' '10,55' '10,56' '10,57' '10,58' '10,59']
 ['11,51' '11,52' '11,53' '11,54' '11,55' '11,56' '11,57' '11,58' '11,59']
 ['12,51' '12,52' '12,53' '12,54' '12,55' '12,56' '12,57' '12,58' '12,59']
 ['13,51' '13,52' '13,53' '13,54' '13,55' '13,56' '13,57' '13,58' '13,59']
 ['14,51' '14,52' '14,53' '14,54' '14,55' '14,56' '14,57' '14,58' '14,59']
 ['15,51' '15,52' '15,53' '15,54' '15,55' '15,56' '15,57' '15,58' '15,59']
 ['16,51' '16,52' '16,53' '16,54' '16,55' '16,56' '16,57' '16,58' '16,59']
 ['17,51' '17,52' '17,53' '17,54' '17,55' '17,56' '17,57' '17,58' '17,59']
 ['18,51' '18,52' '18,53' '18,54' '18,55' '18,56' '18,57' '18,58' '18,59']
 ['19,51' '19,52' '19,53' '19,54' '19,55' '19,56' '19,57' '19,58' '19,59']
 ['20,51' '20,52' '20,53' '20,54' '20,55' '20,56' '20,57' '20,58' '20,59']
 ['21,51' '21,52' '21,53' '21,54' '21,55' '21,56' '21,57' '21,58' '21,59']
 ['22,51' '22,52' '22,53' '22,54' '22,55' '22,56' '22,57' '22,58' '22,59']
 ['23,51' '23,52' '23,53' '23,54' '23,55' '23,56' '23,57' '23,58' '23,59']
 ['24,51' '24,52' '24,53' '24,54' '24,55' '24,56' '24,57' '24,58' '24,59']
 ['25,51' '25,52' '25,53' '25,54' '25,55' '25,56' '25,57' '25,58' '25,59']
 ['26,51' '26,52' '26,53' '26,54' '26,55' '26,56' '26,57' '26,58' '26,59']
 ['27,51' '27,52' '27,53' '27,54' '27,55' '27,56' '27,57' '27,58' '27,59']
 ['28,51' '28,52' '28,53' '28,54' '28,55' '28,56' '28,57' '28,58' '28,59']
 ['29,51' '29,52' '29,53' '29,54' '29,55' '29,56' '29,57' '29,58' '29,59']
 ['30,51' '30,52' '30,53' '30,54' '30,55' '30,56' '30,57' '30,58' '30,59']
 ['31,51' '31,52' '31,53' '31,54' '31,55' '31,56' '31,57' '31,58' '31,59']
 ['32,51' '32,52' '32,53' '32,54' '32,55' '32,56' '32,57' '32,58' '32,59']
 ['33,51' '33,52' '33,53' '33,54' '33,55' '33,56' '33,57' '33,58' '33,59']
 ['34,51' '34,52' '34,53' '34,54' '34,55' '34,56' '34,57' '34,58' '34,59']
 ['35,51' '35,52' '35,53' '35,54' '35,55' '35,56' '35,57' '35,58' '35,59']
 ['36,51' '36,52' '36,53' '36,54' '36,55' '36,56' '36,57' '36,58' '36,59']
 ['37,51' '37,52' '37,53' '37,54' '37,55' '37,56' '37,57' '37,58' '37,59']
 ['38,51' '38,52' '38,53' '38,54' '38,55' '38,56' '38,57' '38,58' '38,59']
 ['39,51' '39,52' '39,53' '39,54' '39,55' '39,56' '39,57' '39,58' '39,59']
 ['40,51' '40,52' '40,53' '40,54' '40,55' '40,56' '40,57' '40,58' '40,59']
 ['41,51' '41,52' '41,53' '41,54' '41,55' '41,56' '41,57' '41,58' '41,59']
 ['42,51' '42,52' '42,53' '42,54' '42,55' '42,56' '42,57' '42,58' '42,59']
 ['43,51' '43,52' '43,53' '43,54' '43,55' '43,56' '43,57' '43,58' '43,59']
 ['44,51' '44,52' '44,53' '44,54' '44,55' '44,56' '44,57' '44,58' '44,59']
 ['45,51' '45,52' '45,53' '45,54' '45,55' '45,56' '45,57' '45,58' '45,59']
 ['46,51' '46,52' '46,53' '46,54' '46,55' '46,56' '46,57' '46,58' '46,59']
 ['47,51' '47,52' '47,53' '47,54' '47,55' '47,56' '47,57' '47,58' '47,59']
 ['48,51' '48,52' '48,53' '48,54' '48,55' '48,56' '48,57' '48,58' '48,59']
 ['49,51' '49,52' '49,53' '49,54' '49,55' '49,56' '49,57' '49,58' '49,59']
 ['50,51' '50,52' '50,53' '50,54' '50,55' '50,56' '50,57' '50,58' '50,59']
 ['51,51' '51,52' '51,53' '51,54' '51,55' '51,56' '51,57' '51,58' '51,59']
 ['52,51' '52,52' '52,53' '52,54' '52,55' '52,56' '52,57' '52,58' '52,59']
 ['53,51' '53,52' '53,53' '53,54' '53,55' '53,56' '53,57' '53,58' '53,59']
 ['54,51' '54,52' '54,53' '54,54' '54,55' '54,56' '54,57' '54,58' '54,59']
 ['55,51' '55,52' '55,53' '55,54' '55,55' '55,56' '55,57' '55,58' '55,59']
 ['56,51' '56,52' '56,53' '56,54' '56,55' '56,56' '56,57' '56,58' '56,59']
 ['57,51' '57,52' '57,53' '57,54' '57,55' '57,56' '57,57' '57,58' '57,59']
 ['58,51' '58,52' '58,53' '58,54' '58,55' '58,56' '58,57' '58,58' '58,59']
 ['59,51' '59,52' '59,53' '59,54' '59,55' '59,56' '59,57' '59,58' '59,59']]
X:
 [[0. 0. 0. ... 0. 0. 0.]
 [0. 0. 0. ... 0. 0. 0.]
 [1. 0. 0. ... 0. 0. 0.]
 ...
 [0. 0. 0. ... 0. 0. 0.]
 [0. 0. 0. ... 0. 0. 0.]
 [1. 0. 0. ... 0. 0. 0.]]
u:
 [21.  8.  8.  4. 16. 11.  9.  4.  2. 13.  3.  3. 15. 17. 12. 19.  7. 18.
 16.  2.  6. 11.  9. 13. 15. 14. 14.  4.  7.  5.  3.  5.  2.  5.  6. 19.
  4. 12.  2. 10.  2.  3. 20.  7.  6.  6. 17.  8. 10.  5. 18.  1.  1.  1.
  1.  1.  1.  1.  1.  1.]
X_sol:
 [[ 1  6]
 [ 2  0]
 [ 3 49]
 [ 4 13]
 [ 5 14]
 [ 6 48]
 [ 7 31]
 [ 8 30]
 [ 9 26]
 [10  7]
 [11 27]
 [12  4]
 [13 50]
 [14 23]
 [15  0]
 [16  1]
 [17 15]
 [18 46]
 [19  0]
 [20 28]
 [21 37]
 [22 39]
 [23 25]
 [24 18]
 [25 24]
 [26 12]
 [27 33]
 [28 47]
 [29 34]
 [30  3]
 [31 45]
 [32 10]
 [33 44]
 [34 43]
 [35 42]
 [36 29]
 [37  9]
 [38 11]
 [39  5]
 [40 41]
 [41 36]
 [42  0]
 [43  2]
 [44 16]
 [45  0]
 [46 17]
 [47 22]
 [48 21]
 [49 20]
 [50 35]
 [51  0]
 [52  8]
 [53  0]
 [54 32]
 [55 19]
 [56  0]
 [57 38]
 [58 40]
 [59  0]]
drone_1 51 => 0
drone_2 52 => 8 => 30 => 3 => 49 => 20 => 28 => 47 => 22 => 39 => 5 => 14 => 23 => 25 => 24 => 18 => 46 => 17 => 15 => 0
drone_3 53 => 0
drone_4 54 => 32 => 10 => 31 => 7 => 45 => 0
drone_5 55 => 19 => 0
drone_6 56 => 0
drone_7 57 => 38 => 11 => 27 => 33 => 44 => 16 => 1 => 6 => 48 => 21 => 37 => 9 => 26 => 12 => 4 => 13 => 50 => 35 => 42 => 0
drone_8 58 => 40 => 41 => 36 => 29 => 34 => 43 => 2 => 0
drone_9 59 => 0
Длина оптимального маршрута: 209.94км
